<?xml version="1.0" encoding="UTF-8"?>
<!-- Generated by org.testng.reporters.JUnitReportReporter -->
<testsuite skipped="0" hostname="pallavi-testing" name="com.qa.crm.testcases.HomePageTest" tests="3" failures="0" timestamp="03 Jul 2019 03:49:14 GMT" time="40.572" errors="0">
  <testcase name="verifyHomePageTitleTest" time="13.322" classname="com.qa.crm.testcases.HomePageTest"/>
  <testcase name="verifyUserNameTest" time="12.886" classname="com.qa.crm.testcases.HomePageTest"/>
  <testcase name="verifyContactsLinkTest" time="14.364" classname="com.qa.crm.testcases.HomePageTest"/>
</testsuite> <!-- com.qa.crm.testcases.HomePageTest -->
