<?xml version="1.0" encoding="UTF-8"?>
<!-- Generated by org.testng.reporters.JUnitReportReporter -->
<testsuite skipped="0" hostname="pallavi-testing" name="com.qa.crm.testcases.ContactsPageTest" tests="4" failures="0" timestamp="03 Jul 2019 04:58:36 GMT" time="72.312" errors="0">
  <testcase name="verifyContactsPageLabel" time="17.015" classname="com.qa.crm.testcases.ContactsPageTest"/>
  <testcase name="validateCreateNewContact" time="18.323" classname="com.qa.crm.testcases.ContactsPageTest"/>
  <testcase name="validateCreateNewContact" time="19.196" classname="com.qa.crm.testcases.ContactsPageTest"/>
  <testcase name="validateCreateNewContact" time="17.778" classname="com.qa.crm.testcases.ContactsPageTest"/>
</testsuite> <!-- com.qa.crm.testcases.ContactsPageTest -->
