<?xml version="1.0" encoding="UTF-8"?>
<!-- Generated by org.testng.reporters.JUnitReportReporter -->
<testsuite skipped="0" hostname="pallavi-testing" name="com.qa.crm.testcases.LoginPageTest" tests="3" failures="0" timestamp="03 Jul 2019 03:49:14 GMT" time="31.108" errors="0">
  <testcase name="loginPageTitleTest" time="8.563" classname="com.qa.crm.testcases.LoginPageTest"/>
  <testcase name="crmLogoImageTest" time="8.250" classname="com.qa.crm.testcases.LoginPageTest"/>
  <testcase name="loginTest" time="14.295" classname="com.qa.crm.testcases.LoginPageTest"/>
</testsuite> <!-- com.qa.crm.testcases.LoginPageTest -->
